<?xml version="1.0" encoding="UTF-8"?>
<!-- Generated by org.testng.reporters.JUnitXMLReporter -->
<testsuite ignored="0" hostname="shreyass-MacBook-Air.local" failures="0" tests="4" name="Default test" time="4.203" errors="0" timestamp="2022-02-08T10:48:37 IST">
  <testcase classname="com.phpTravelsDemo.Tests.LoginTest" name="CheckPageTitleBeforeLoggedIn" time="0.024"/>
  <testcase classname="com.phpTravelsDemo.Tests.LoginTest" name="CheckForInvalidLogin" time="0.533"/>
  <testcase classname="com.phpTravelsDemo.Tests.LoginTest" name="CheckForInvalidLogin" time="0.134"/>
  <testcase classname="com.phpTravelsDemo.Tests.LoginTest" name="CheckForValidLogin" time="3.471"/>
</testsuite> <!-- Default test -->
