<?xml version="1.0" encoding="UTF-8"?>
<!-- Generated by org.testng.reporters.JUnitXMLReporter -->
<testsuite ignored="0" hostname="shreyass-MacBook-Air.local" failures="0" tests="4" name="Regression" time="31.261" errors="0" timestamp="2022-03-19T19:31:53 IST">
  <testcase classname="com.phpTravelsDemo.Tests.LoginTest" name="CheckPageTitleBeforeLoggedIn" time="0.083"/>
  <testcase classname="com.phpTravelsDemo.Tests.LoginTest" name="CheckForInvalidLogin" time="2.057"/>
  <testcase classname="com.phpTravelsDemo.Tests.LoginTest" name="CheckForInvalidLogin" time="3.087"/>
  <testcase classname="com.phpTravelsDemo.Tests.LoginTest" name="CheckForValidLogin" time="4.821"/>
</testsuite> <!-- Regression -->
