<?xml version="1.0" encoding="UTF-8"?>
<testng-results ignored="0" total="4" passed="4" failed="0" skipped="0">
  <reporter-output>
  </reporter-output>
  <suite started-at="2022-03-19T19:31:22 IST" name="Testing PHPTravel App" finished-at="2022-03-19T19:31:53 IST" duration-ms="31261">
    <groups>
    </groups>
    <test started-at="2022-03-19T19:31:22 IST" name="Regression" finished-at="2022-03-19T19:31:53 IST" duration-ms="31261">
      <class name="com.phpTravelsDemo.Tests.LoginTest">
        <test-method is-config="true" signature="SetUp()[pri:0, instance:com.phpTravelsDemo.Tests.LoginTest@419c5f1a]" started-at="2022-03-19T19:31:22 IST" name="SetUp" finished-at="2022-03-19T19:31:31 IST" duration-ms="9250" status="PASS">
          <reporter-output>
          </reporter-output>
        </test-method> <!-- SetUp -->
        <test-method signature="CheckPageTitleBeforeLoggedIn()[pri:1, instance:com.phpTravelsDemo.Tests.LoginTest@419c5f1a]" started-at="2022-03-19T19:31:31 IST" name="CheckPageTitleBeforeLoggedIn" finished-at="2022-03-19T19:31:31 IST" duration-ms="83" status="PASS">
          <reporter-output>
          </reporter-output>
        </test-method> <!-- CheckPageTitleBeforeLoggedIn -->
        <test-method is-config="true" signature="TearDown()[pri:0, instance:com.phpTravelsDemo.Tests.LoginTest@419c5f1a]" started-at="2022-03-19T19:31:31 IST" name="TearDown" finished-at="2022-03-19T19:31:32 IST" duration-ms="117" status="PASS">
          <reporter-output>
          </reporter-output>
        </test-method> <!-- TearDown -->
        <test-method is-config="true" signature="SetUp()[pri:0, instance:com.phpTravelsDemo.Tests.LoginTest@419c5f1a]" started-at="2022-03-19T19:31:32 IST" name="SetUp" finished-at="2022-03-19T19:31:36 IST" duration-ms="4209" status="PASS">
          <reporter-output>
          </reporter-output>
        </test-method> <!-- SetUp -->
        <test-method signature="CheckForInvalidLogin(java.lang.String,java.lang.String)[pri:2, instance:com.phpTravelsDemo.Tests.LoginTest@419c5f1a]" started-at="2022-03-19T19:31:36 IST" name="CheckForInvalidLogin" data-provider="InvalidLogin" finished-at="2022-03-19T19:31:38 IST" duration-ms="2057" status="PASS">
          <params>
            <param index="0">
              <value>
                <![CDATA[test]]>
              </value>
            </param>
            <param index="1">
              <value>
                <![CDATA[ ]]>
              </value>
            </param>
          </params>
          <reporter-output>
          </reporter-output>
        </test-method> <!-- CheckForInvalidLogin -->
        <test-method is-config="true" signature="TearDown()[pri:0, instance:com.phpTravelsDemo.Tests.LoginTest@419c5f1a]" started-at="2022-03-19T19:31:38 IST" name="TearDown" finished-at="2022-03-19T19:31:38 IST" duration-ms="140" status="PASS">
          <reporter-output>
          </reporter-output>
        </test-method> <!-- TearDown -->
        <test-method is-config="true" signature="SetUp()[pri:0, instance:com.phpTravelsDemo.Tests.LoginTest@419c5f1a]" started-at="2022-03-19T19:31:38 IST" name="SetUp" finished-at="2022-03-19T19:31:42 IST" duration-ms="3561" status="PASS">
          <reporter-output>
          </reporter-output>
        </test-method> <!-- SetUp -->
        <test-method signature="CheckForInvalidLogin(java.lang.String,java.lang.String)[pri:2, instance:com.phpTravelsDemo.Tests.LoginTest@419c5f1a]" started-at="2022-03-19T19:31:42 IST" name="CheckForInvalidLogin" data-provider="InvalidLogin" finished-at="2022-03-19T19:31:45 IST" duration-ms="3087" status="PASS">
          <params>
            <param index="0">
              <value>
                <![CDATA[]]>
              </value>
            </param>
            <param index="1">
              <value>
                <![CDATA[test]]>
              </value>
            </param>
          </params>
          <reporter-output>
          </reporter-output>
        </test-method> <!-- CheckForInvalidLogin -->
        <test-method is-config="true" signature="TearDown()[pri:0, instance:com.phpTravelsDemo.Tests.LoginTest@419c5f1a]" started-at="2022-03-19T19:31:45 IST" name="TearDown" finished-at="2022-03-19T19:31:45 IST" duration-ms="119" status="PASS">
          <reporter-output>
          </reporter-output>
        </test-method> <!-- TearDown -->
        <test-method is-config="true" signature="SetUp()[pri:0, instance:com.phpTravelsDemo.Tests.LoginTest@419c5f1a]" started-at="2022-03-19T19:31:45 IST" name="SetUp" finished-at="2022-03-19T19:31:48 IST" duration-ms="3649" status="PASS">
          <reporter-output>
          </reporter-output>
        </test-method> <!-- SetUp -->
        <test-method signature="CheckForValidLogin(java.lang.String,java.lang.String)[pri:3, instance:com.phpTravelsDemo.Tests.LoginTest@419c5f1a]" started-at="2022-03-19T19:31:48 IST" name="CheckForValidLogin" data-provider="ValidLogin" finished-at="2022-03-19T19:31:53 IST" duration-ms="4821" status="PASS">
          <params>
            <param index="0">
              <value>
                <![CDATA[user@phptravels.com]]>
              </value>
            </param>
            <param index="1">
              <value>
                <![CDATA[demouser]]>
              </value>
            </param>
          </params>
          <reporter-output>
          </reporter-output>
        </test-method> <!-- CheckForValidLogin -->
        <test-method is-config="true" signature="TearDown()[pri:0, instance:com.phpTravelsDemo.Tests.LoginTest@419c5f1a]" started-at="2022-03-19T19:31:53 IST" name="TearDown" finished-at="2022-03-19T19:31:53 IST" duration-ms="109" status="PASS">
          <reporter-output>
          </reporter-output>
        </test-method> <!-- TearDown -->
      </class> <!-- com.phpTravelsDemo.Tests.LoginTest -->
    </test> <!-- Regression -->
  </suite> <!-- Testing PHPTravel App -->
</testng-results>
